[debug] [2023-05-22T18:13:38.129Z] ----------------------------------------------------------------------
[debug] [2023-05-22T18:13:38.132Z] Command:       C:\Program Files\nodejs\node.exe C:\Users\jakmc\AppData\Roaming\npm\node_modules\firebase-tools\lib\bin\firebase.js deploy
[debug] [2023-05-22T18:13:38.132Z] CLI Version:   12.1.0
[debug] [2023-05-22T18:13:38.133Z] Platform:      win32
[debug] [2023-05-22T18:13:38.133Z] Node Version:  v20.2.0
[debug] [2023-05-22T18:13:38.133Z] Time:          Mon May 22 2023 14:13:38 GMT-0400 (Eastern Daylight Time)
[debug] [2023-05-22T18:13:38.133Z] ----------------------------------------------------------------------
[debug] 
[debug] [2023-05-22T18:13:38.223Z] > command requires scopes: ["email","openid","https://www.googleapis.com/auth/cloudplatformprojects.readonly","https://www.googleapis.com/auth/firebase","https://www.googleapis.com/auth/cloud-platform"]
[debug] [2023-05-22T18:13:38.224Z] > authorizing via signed-in user (jackson.mcc23@gmail.com)
[debug] [2023-05-22T18:13:38.224Z] [iam] checking project portfolio-4e087 for permissions ["firebase.projects.get","firebasehosting.sites.update"]
[debug] [2023-05-22T18:13:38.226Z] >>> [apiv2][query] POST https://cloudresourcemanager.googleapis.com/v1/projects/portfolio-4e087:testIamPermissions [none]
[debug] [2023-05-22T18:13:38.227Z] >>> [apiv2][(partial)header] POST https://cloudresourcemanager.googleapis.com/v1/projects/portfolio-4e087:testIamPermissions x-goog-quota-user=projects/portfolio-4e087
[debug] [2023-05-22T18:13:38.227Z] >>> [apiv2][body] POST https://cloudresourcemanager.googleapis.com/v1/projects/portfolio-4e087:testIamPermissions {"permissions":["firebase.projects.get","firebasehosting.sites.update"]}
[debug] [2023-05-22T18:13:38.547Z] <<< [apiv2][status] POST https://cloudresourcemanager.googleapis.com/v1/projects/portfolio-4e087:testIamPermissions 200
[debug] [2023-05-22T18:13:38.547Z] <<< [apiv2][body] POST https://cloudresourcemanager.googleapis.com/v1/projects/portfolio-4e087:testIamPermissions {"permissions":["firebase.projects.get","firebasehosting.sites.update"]}
[debug] [2023-05-22T18:13:38.549Z] >>> [apiv2][query] GET https://firebase.googleapis.com/v1beta1/projects/portfolio-4e087 [none]
[debug] [2023-05-22T18:13:38.835Z] <<< [apiv2][status] GET https://firebase.googleapis.com/v1beta1/projects/portfolio-4e087 200
[debug] [2023-05-22T18:13:38.835Z] <<< [apiv2][body] GET https://firebase.googleapis.com/v1beta1/projects/portfolio-4e087 {"projectId":"portfolio-4e087","projectNumber":"984237685834","displayName":"Portfolio","name":"projects/portfolio-4e087","resources":{"hostingSite":"portfolio-4e087"},"state":"ACTIVE","etag":"1_8c68e8f9-4bd6-483c-870d-200ecc3c4ba0"}
[info] 
[info] === Deploying to 'portfolio-4e087'...
[info] 
[info] i  deploying hosting 
[debug] [2023-05-22T18:13:38.845Z] >>> [apiv2][query] POST https://firebasehosting.googleapis.com/v1beta1/projects/-/sites/portfolio-4e087/versions [none]
[debug] [2023-05-22T18:13:38.845Z] >>> [apiv2][body] POST https://firebasehosting.googleapis.com/v1beta1/projects/-/sites/portfolio-4e087/versions {"status":"CREATED","labels":{"deployment-tool":"cli-firebase"}}
[debug] [2023-05-22T18:13:40.012Z] <<< [apiv2][status] POST https://firebasehosting.googleapis.com/v1beta1/projects/-/sites/portfolio-4e087/versions 200
[debug] [2023-05-22T18:13:40.012Z] <<< [apiv2][body] POST https://firebasehosting.googleapis.com/v1beta1/projects/-/sites/portfolio-4e087/versions {"name":"projects/984237685834/sites/portfolio-4e087/versions/3f858dcbd3ad0896","status":"CREATED","config":{},"labels":{"deployment-tool":"cli-firebase"}}
[info] i  hosting[portfolio-4e087]: beginning deploy... 
[info] i  hosting[portfolio-4e087]: found 34 files in build 
[debug] [2023-05-22T18:13:40.029Z] [hosting] uploading with 200 concurrency
[debug] [2023-05-22T18:13:40.030Z] [hosting] hash cache [YnVpbGQ] not populated
[debug] [2023-05-22T18:13:40.219Z] [hosting] hash cache [YnVpbGQ] stored for 34 files
[debug] [2023-05-22T18:13:40.219Z] [hosting][hash queue][FINAL] {"max":181,"min":20,"avg":34.705882352941174,"active":0,"complete":34,"success":34,"errored":0,"retried":0,"total":34,"elapsed":187}
[debug] [2023-05-22T18:13:40.220Z] >>> [apiv2][query] POST https://firebasehosting.googleapis.com/v1beta1/projects/984237685834/sites/portfolio-4e087/versions/3f858dcbd3ad0896:populateFiles [none]
[debug] [2023-05-22T18:13:40.220Z] >>> [apiv2][body] POST https://firebasehosting.googleapis.com/v1beta1/projects/984237685834/sites/portfolio-4e087/versions/3f858dcbd3ad0896:populateFiles {"files":{"/404.html":"daa499dd96d8229e73235345702ba32f0793f0c8e5c0d30e40e37a5872be57aa","/asset-manifest.json":"fde25560ef5b83457673fb169463091af354bdf9246163d72be6bb77cf6447d2","/index.html":"7e6154cd359d22d056e049cf341fc4fe0c1b5e4d926b37066f7280b40d2ca703","/robots.txt":"b2090cf9761ef60aa06e4fab97679bd43dfa5e5df073701ead5879d7c68f1ec5","/manifest.json":"5c997de1364b8be939319fa9209abd77f2caf7f8844999a9e2e9173f844e7840","/favicon.ico":"eae62e993eb980ec8a25058c39d5a51feab118bd2100c4deebb2a9c158ec11f9","/static/css/main.5f31af3f.css":"d918a38164fefc94d9fb9dcd02342903182fde671b4443c301f98cbb9944df07","/logo192.png":"3ee59515172ee198f3be375979df15ac5345183e656720a381b8872b2a39dc8b","/logo512.png":"ee7e2f3fdb8209c4b6fd7bef6ba50d1b9dba30a25bb5c3126df057e1cb6f5331","/static/js/787.d4d13a46.chunk.js":"fd167c120c63db98fe5a3545fa6843909a16becec8a54a789583823bb7148c9c","/static/js/main.b6e90d34.js.LICENSE.txt":"406eb6f2ab11e8d0924ddc38358ae13e1d123d8b290df2befd950b5d2f685085","/static/js/787.d4d13a46.chunk.js.map":"d41d6ca4df9f595d7217e1dde4fed16f9c24b81e1432a6c71b754d055c434695","/static/css/main.5f31af3f.css.map":"c1d0cba21a2623affdb1996e20bfef2e89d4bd01c590aa47e53eb72bb1b90012","/static/media/icon-bash.b3f73afb1361d47dd238f8e5e884ff06.svg":"2273c633909062d2252c64f5c2c005c19ebb2c2a08a8945d2de5f5ad5cbf7881","/static/media/icon-bootstrap.98585727bcfe0b1555649ec9bbab236c.svg":"b13dedbb66ff18b2646468a4e0f8e7b1fb57223b819ec1d6116012f0f3c27440","/static/media/icon-css.4e47c3122b8d2476a02f97dcfcb28640.svg":"6de3c659be6aa2e90830a835768a1aa760dda642dd7e354581e7ab22894f0ddc","/static/media/icon-github-bootstrap.1dbcf7b2491be69d987cad6ab8eacebc.svg":"ccefb879f4b1822c1f11a93edd7e7f19e440d8ef2b0a9f23e180728b2b197750","/static/media/icon-handlebars.2a3d23b58f3f8cbcd6943edf5d25058a.svg":"b20ddb998b8a84fe743d26d1e7cd4c26de08b947800a650a90efa29032c5837a","/static/media/icon-heroku.b7e7f910d905c15ac7d6cca770ba02b0.svg":"7e817b800785c281e214ba1fa0f20c2cb7f912fde3278efa04e0f0dcf83d5a2b","/static/media/icon-javascript.b879f838faf1cb951d1c2230fd933a39.svg":"b12a6951c8ff11d2164bc0c0cac40bdf2d82e33e76c92f969c25f6ba7a78c5bc","/static/media/icon-html.f318c8b1d5945fa9adc827ae94849cb1.svg":"17d2ebaab0506e6a5e86e49fda5c345a2af199742c18bfa734d7bf0665e83ebe","/static/media/icon-jest.a4aba16f8795b654c9cd0ebeee115dac.svg":"6bd5dd89bfa8ab58001e67d5a89efbfdad20bba99f0043f1ea8c9b01cae4290c","/static/media/icon-mongo.1aca075d5cce0819fea7ea0902d94ce4.svg":"73eeccb550320871142d3910993249c9f2494a0660bed05a284c8aed3a2133a8","/static/media/icon-mysql.0697e026464104aea8919845703174b9.svg":"5415d507c540a094928da0dc97b15e531fae38f63a867f115f48d620faa925c1","/static/media/icon-npm.5066c092080d10750a0352c3a2f64c6c.svg":"f7b8bfa8f4a0d45011e63dac5c28e56a3b5400a18594d35577b48a6b6014cef2","/static/media/icon-nodejs.52cbf9a89f44655c0375b9e9f88bf9c5.svg":"fa266087acf3ccd025ce148b3ef0fab985946b47d239739d7ffa53084fa9541d","/static/media/icon-react.e68b35f4774979ae220b1d5d7b345b00.svg":"3a418c238e12d209346eac56596b4b03f7abae3ccbfa920d1d62b663b1577fb4","/static/media/ecommerce.a676c25e33d8ab038780.jpg":"f0e4bdff2338927c915e7945aaa27ad2ad784731a574482ae5891fc820084c08","/static/js/main.b6e90d34.js":"0e16f6ba8e317879727d25e3690868d772426caedd983516444305fb884eef11","/static/media/booklook.f62184c48df2dec73292.png":"bab260e8873cbbbca12f23c6b0bae2ef999b17274e2bcb70d4c772c0f35174a1","/static/media/DSC_0682 - Copy.699c5e91e04ebfd1667f.jpg":"a16bf9b2b77e3dbc52f72a3f6324ccbc491c4acdca40dac1e72d2a532740cd8c","/static/media/aroundtown.7a576055b25ff11481bd.png":"71c5d2536a001c09cc6bb6f02a11c50797aa2a1c97bd66d8df789ef19c4c0964","/static/media/Jackson2022Resume.8bd28a8b28d206ff66b5.pdf":"2c89fb66aca3c42b20a150d107fc77ae287b031dbcaf15855b70907ba00e6a1d","/static/js/main.b6e90d34.js.map":"94fdd6d1f2ff714780914fe0afdfeb4683e7f2d6327abb7c7379338a41a33904"}}
[debug] [2023-05-22T18:13:40.506Z] <<< [apiv2][status] POST https://firebasehosting.googleapis.com/v1beta1/projects/984237685834/sites/portfolio-4e087/versions/3f858dcbd3ad0896:populateFiles 200
[debug] [2023-05-22T18:13:40.506Z] <<< [apiv2][body] POST https://firebasehosting.googleapis.com/v1beta1/projects/984237685834/sites/portfolio-4e087/versions/3f858dcbd3ad0896:populateFiles {"uploadRequiredHashes":["fde25560ef5b83457673fb169463091af354bdf9246163d72be6bb77cf6447d2","fa266087acf3ccd025ce148b3ef0fab985946b47d239739d7ffa53084fa9541d","3a418c238e12d209346eac56596b4b03f7abae3ccbfa920d1d62b663b1577fb4","94fdd6d1f2ff714780914fe0afdfeb4683e7f2d6327abb7c7379338a41a33904","3ee59515172ee198f3be375979df15ac5345183e656720a381b8872b2a39dc8b","ccefb879f4b1822c1f11a93edd7e7f19e440d8ef2b0a9f23e180728b2b197750","17d2ebaab0506e6a5e86e49fda5c345a2af199742c18bfa734d7bf0665e83ebe","b13dedbb66ff18b2646468a4e0f8e7b1fb57223b819ec1d6116012f0f3c27440","bab260e8873cbbbca12f23c6b0bae2ef999b17274e2bcb70d4c772c0f35174a1","b12a6951c8ff11d2164bc0c0cac40bdf2d82e33e76c92f969c25f6ba7a78c5bc","fd167c120c63db98fe5a3545fa6843909a16becec8a54a789583823bb7148c9c","c1d0cba21a2623affdb1996e20bfef2e89d4bd01c590aa47e53eb72bb1b90012","6de3c659be6aa2e90830a835768a1aa760dda642dd7e354581e7ab22894f0ddc","5415d507c540a094928da0dc97b15e531fae38f63a867f115f48d620faa925c1","7e6154cd359d22d056e049cf341fc4fe0c1b5e4d926b37066f7280b40d2ca703","d918a38164fefc94d9fb9dcd02342903182fde671b4443c301f98cbb9944df07","d41d6ca4df9f595d7217e1dde4fed16f9c24b81e1432a6c71b754d055c434695","a16bf9b2b77e3dbc52f72a3f6324ccbc491c4acdca40dac1e72d2a532740cd8c","6bd5dd89bfa8ab58001e67d5a89efbfdad20bba99f0043f1ea8c9b01cae4290c","406eb6f2ab11e8d0924ddc38358ae13e1d123d8b290df2befd950b5d2f685085","b2090cf9761ef60aa06e4fab97679bd43dfa5e5df073701ead5879d7c68f1ec5","2273c633909062d2252c64f5c2c005c19ebb2c2a08a8945d2de5f5ad5cbf7881","b20ddb998b8a84fe743d26d1e7cd4c26de08b947800a650a90efa29032c5837a","73eeccb550320871142d3910993249c9f2494a0660bed05a284c8aed3a2133a8","2c89fb66aca3c42b20a150d107fc77ae287b031dbcaf15855b70907ba00e6a1d","71c5d2536a001c09cc6bb6f02a11c50797aa2a1c97bd66d8df789ef19c4c0964","daa499dd96d8229e73235345702ba32f0793f0c8e5c0d30e40e37a5872be57aa","0e16f6ba8e317879727d25e3690868d772426caedd983516444305fb884eef11","f7b8bfa8f4a0d45011e63dac5c28e56a3b5400a18594d35577b48a6b6014cef2","f0e4bdff2338927c915e7945aaa27ad2ad784731a574482ae5891fc820084c08","7e817b800785c281e214ba1fa0f20c2cb7f912fde3278efa04e0f0dcf83d5a2b","5c997de1364b8be939319fa9209abd77f2caf7f8844999a9e2e9173f844e7840","ee7e2f3fdb8209c4b6fd7bef6ba50d1b9dba30a25bb5c3126df057e1cb6f5331","eae62e993eb980ec8a25058c39d5a51feab118bd2100c4deebb2a9c158ec11f9"],"uploadUrl":"https://upload-firebasehosting.googleapis.com/upload/sites/portfolio-4e087/versions/3f858dcbd3ad0896/files"}
[debug] [2023-05-22T18:13:40.513Z] >>> [apiv2][query] POST https://upload-firebasehosting.googleapis.com/upload/sites/portfolio-4e087/versions/3f858dcbd3ad0896/files/fde25560ef5b83457673fb169463091af354bdf9246163d72be6bb77cf6447d2 [none]
[debug] [2023-05-22T18:13:40.513Z] >>> [apiv2][body] POST https://upload-firebasehosting.googleapis.com/upload/sites/portfolio-4e087/versions/3f858dcbd3ad0896/files/fde25560ef5b83457673fb169463091af354bdf9246163d72be6bb77cf6447d2 [stream]
[debug] [2023-05-22T18:13:40.516Z] >>> [apiv2][query] POST https://upload-firebasehosting.googleapis.com/upload/sites/portfolio-4e087/versions/3f858dcbd3ad0896/files/fa266087acf3ccd025ce148b3ef0fab985946b47d239739d7ffa53084fa9541d [none]
[debug] [2023-05-22T18:13:40.516Z] >>> [apiv2][body] POST https://upload-firebasehosting.googleapis.com/upload/sites/portfolio-4e087/versions/3f858dcbd3ad0896/files/fa266087acf3ccd025ce148b3ef0fab985946b47d239739d7ffa53084fa9541d [stream]
[debug] [2023-05-22T18:13:40.517Z] >>> [apiv2][query] POST https://upload-firebasehosting.googleapis.com/upload/sites/portfolio-4e087/versions/3f858dcbd3ad0896/files/3a418c238e12d209346eac56596b4b03f7abae3ccbfa920d1d62b663b1577fb4 [none]
[debug] [2023-05-22T18:13:40.518Z] >>> [apiv2][body] POST https://upload-firebasehosting.googleapis.com/upload/sites/portfolio-4e087/versions/3f858dcbd3ad0896/files/3a418c238e12d209346eac56596b4b03f7abae3ccbfa920d1d62b663b1577fb4 [stream]
[debug] [2023-05-22T18:13:40.519Z] >>> [apiv2][query] POST https://upload-firebasehosting.googleapis.com/upload/sites/portfolio-4e087/versions/3f858dcbd3ad0896/files/94fdd6d1f2ff714780914fe0afdfeb4683e7f2d6327abb7c7379338a41a33904 [none]
[debug] [2023-05-22T18:13:40.519Z] >>> [apiv2][body] POST https://upload-firebasehosting.googleapis.com/upload/sites/portfolio-4e087/versions/3f858dcbd3ad0896/files/94fdd6d1f2ff714780914fe0afdfeb4683e7f2d6327abb7c7379338a41a33904 [stream]
[debug] [2023-05-22T18:13:40.521Z] >>> [apiv2][query] POST https://upload-firebasehosting.googleapis.com/upload/sites/portfolio-4e087/versions/3f858dcbd3ad0896/files/3ee59515172ee198f3be375979df15ac5345183e656720a381b8872b2a39dc8b [none]
[debug] [2023-05-22T18:13:40.521Z] >>> [apiv2][body] POST https://upload-firebasehosting.googleapis.com/upload/sites/portfolio-4e087/versions/3f858dcbd3ad0896/files/3ee59515172ee198f3be375979df15ac5345183e656720a381b8872b2a39dc8b [stream]
[debug] [2023-05-22T18:13:40.522Z] >>> [apiv2][query] POST https://upload-firebasehosting.googleapis.com/upload/sites/portfolio-4e087/versions/3f858dcbd3ad0896/files/ccefb879f4b1822c1f11a93edd7e7f19e440d8ef2b0a9f23e180728b2b197750 [none]
[debug] [2023-05-22T18:13:40.522Z] >>> [apiv2][body] POST https://upload-firebasehosting.googleapis.com/upload/sites/portfolio-4e087/versions/3f858dcbd3ad0896/files/ccefb879f4b1822c1f11a93edd7e7f19e440d8ef2b0a9f23e180728b2b197750 [stream]
[debug] [2023-05-22T18:13:40.524Z] >>> [apiv2][query] POST https://upload-firebasehosting.googleapis.com/upload/sites/portfolio-4e087/versions/3f858dcbd3ad0896/files/17d2ebaab0506e6a5e86e49fda5c345a2af199742c18bfa734d7bf0665e83ebe [none]
[debug] [2023-05-22T18:13:40.524Z] >>> [apiv2][body] POST https://upload-firebasehosting.googleapis.com/upload/sites/portfolio-4e087/versions/3f858dcbd3ad0896/files/17d2ebaab0506e6a5e86e49fda5c345a2af199742c18bfa734d7bf0665e83ebe [stream]
[debug] [2023-05-22T18:13:40.525Z] >>> [apiv2][query] POST https://upload-firebasehosting.googleapis.com/upload/sites/portfolio-4e087/versions/3f858dcbd3ad0896/files/b13dedbb66ff18b2646468a4e0f8e7b1fb57223b819ec1d6116012f0f3c27440 [none]
[debug] [2023-05-22T18:13:40.525Z] >>> [apiv2][body] POST https://upload-firebasehosting.googleapis.com/upload/sites/portfolio-4e087/versions/3f858dcbd3ad0896/files/b13dedbb66ff18b2646468a4e0f8e7b1fb57223b819ec1d6116012f0f3c27440 [stream]
[debug] [2023-05-22T18:13:40.527Z] >>> [apiv2][query] POST https://upload-firebasehosting.googleapis.com/upload/sites/portfolio-4e087/versions/3f858dcbd3ad0896/files/bab260e8873cbbbca12f23c6b0bae2ef999b17274e2bcb70d4c772c0f35174a1 [none]
[debug] [2023-05-22T18:13:40.527Z] >>> [apiv2][body] POST https://upload-firebasehosting.googleapis.com/upload/sites/portfolio-4e087/versions/3f858dcbd3ad0896/files/bab260e8873cbbbca12f23c6b0bae2ef999b17274e2bcb70d4c772c0f35174a1 [stream]
[debug] [2023-05-22T18:13:40.528Z] >>> [apiv2][query] POST https://upload-firebasehosting.googleapis.com/upload/sites/portfolio-4e087/versions/3f858dcbd3ad0896/files/b12a6951c8ff11d2164bc0c0cac40bdf2d82e33e76c92f969c25f6ba7a78c5bc [none]
[debug] [2023-05-22T18:13:40.528Z] >>> [apiv2][body] POST https://upload-firebasehosting.googleapis.com/upload/sites/portfolio-4e087/versions/3f858dcbd3ad0896/files/b12a6951c8ff11d2164bc0c0cac40bdf2d82e33e76c92f969c25f6ba7a78c5bc [stream]
[debug] [2023-05-22T18:13:40.529Z] >>> [apiv2][query] POST https://upload-firebasehosting.googleapis.com/upload/sites/portfolio-4e087/versions/3f858dcbd3ad0896/files/fd167c120c63db98fe5a3545fa6843909a16becec8a54a789583823bb7148c9c [none]
[debug] [2023-05-22T18:13:40.529Z] >>> [apiv2][body] POST https://upload-firebasehosting.googleapis.com/upload/sites/portfolio-4e087/versions/3f858dcbd3ad0896/files/fd167c120c63db98fe5a3545fa6843909a16becec8a54a789583823bb7148c9c [stream]
[debug] [2023-05-22T18:13:40.530Z] >>> [apiv2][query] POST https://upload-firebasehosting.googleapis.com/upload/sites/portfolio-4e087/versions/3f858dcbd3ad0896/files/c1d0cba21a2623affdb1996e20bfef2e89d4bd01c590aa47e53eb72bb1b90012 [none]
[debug] [2023-05-22T18:13:40.530Z] >>> [apiv2][body] POST https://upload-firebasehosting.googleapis.com/upload/sites/portfolio-4e087/versions/3f858dcbd3ad0896/files/c1d0cba21a2623affdb1996e20bfef2e89d4bd01c590aa47e53eb72bb1b90012 [stream]
[debug] [2023-05-22T18:13:40.531Z] >>> [apiv2][query] POST https://upload-firebasehosting.googleapis.com/upload/sites/portfolio-4e087/versions/3f858dcbd3ad0896/files/6de3c659be6aa2e90830a835768a1aa760dda642dd7e354581e7ab22894f0ddc [none]
[debug] [2023-05-22T18:13:40.531Z] >>> [apiv2][body] POST https://upload-firebasehosting.googleapis.com/upload/sites/portfolio-4e087/versions/3f858dcbd3ad0896/files/6de3c659be6aa2e90830a835768a1aa760dda642dd7e354581e7ab22894f0ddc [stream]
[debug] [2023-05-22T18:13:40.532Z] >>> [apiv2][query] POST https://upload-firebasehosting.googleapis.com/upload/sites/portfolio-4e087/versions/3f858dcbd3ad0896/files/5415d507c540a094928da0dc97b15e531fae38f63a867f115f48d620faa925c1 [none]
[debug] [2023-05-22T18:13:40.532Z] >>> [apiv2][body] POST https://upload-firebasehosting.googleapis.com/upload/sites/portfolio-4e087/versions/3f858dcbd3ad0896/files/5415d507c540a094928da0dc97b15e531fae38f63a867f115f48d620faa925c1 [stream]
[debug] [2023-05-22T18:13:40.533Z] >>> [apiv2][query] POST https://upload-firebasehosting.googleapis.com/upload/sites/portfolio-4e087/versions/3f858dcbd3ad0896/files/7e6154cd359d22d056e049cf341fc4fe0c1b5e4d926b37066f7280b40d2ca703 [none]
[debug] [2023-05-22T18:13:40.533Z] >>> [apiv2][body] POST https://upload-firebasehosting.googleapis.com/upload/sites/portfolio-4e087/versions/3f858dcbd3ad0896/files/7e6154cd359d22d056e049cf341fc4fe0c1b5e4d926b37066f7280b40d2ca703 [stream]
[debug] [2023-05-22T18:13:40.534Z] >>> [apiv2][query] POST https://upload-firebasehosting.googleapis.com/upload/sites/portfolio-4e087/versions/3f858dcbd3ad0896/files/d918a38164fefc94d9fb9dcd02342903182fde671b4443c301f98cbb9944df07 [none]
[debug] [2023-05-22T18:13:40.534Z] >>> [apiv2][body] POST https://upload-firebasehosting.googleapis.com/upload/sites/portfolio-4e087/versions/3f858dcbd3ad0896/files/d918a38164fefc94d9fb9dcd02342903182fde671b4443c301f98cbb9944df07 [stream]
[debug] [2023-05-22T18:13:40.535Z] >>> [apiv2][query] POST https://upload-firebasehosting.googleapis.com/upload/sites/portfolio-4e087/versions/3f858dcbd3ad0896/files/d41d6ca4df9f595d7217e1dde4fed16f9c24b81e1432a6c71b754d055c434695 [none]
[debug] [2023-05-22T18:13:40.535Z] >>> [apiv2][body] POST https://upload-firebasehosting.googleapis.com/upload/sites/portfolio-4e087/versions/3f858dcbd3ad0896/files/d41d6ca4df9f595d7217e1dde4fed16f9c24b81e1432a6c71b754d055c434695 [stream]
[debug] [2023-05-22T18:13:40.536Z] >>> [apiv2][query] POST https://upload-firebasehosting.googleapis.com/upload/sites/portfolio-4e087/versions/3f858dcbd3ad0896/files/a16bf9b2b77e3dbc52f72a3f6324ccbc491c4acdca40dac1e72d2a532740cd8c [none]
[debug] [2023-05-22T18:13:40.536Z] >>> [apiv2][body] POST https://upload-firebasehosting.googleapis.com/upload/sites/portfolio-4e087/versions/3f858dcbd3ad0896/files/a16bf9b2b77e3dbc52f72a3f6324ccbc491c4acdca40dac1e72d2a532740cd8c [stream]
[debug] [2023-05-22T18:13:40.537Z] >>> [apiv2][query] POST https://upload-firebasehosting.googleapis.com/upload/sites/portfolio-4e087/versions/3f858dcbd3ad0896/files/6bd5dd89bfa8ab58001e67d5a89efbfdad20bba99f0043f1ea8c9b01cae4290c [none]
[debug] [2023-05-22T18:13:40.537Z] >>> [apiv2][body] POST https://upload-firebasehosting.googleapis.com/upload/sites/portfolio-4e087/versions/3f858dcbd3ad0896/files/6bd5dd89bfa8ab58001e67d5a89efbfdad20bba99f0043f1ea8c9b01cae4290c [stream]
[debug] [2023-05-22T18:13:40.537Z] >>> [apiv2][query] POST https://upload-firebasehosting.googleapis.com/upload/sites/portfolio-4e087/versions/3f858dcbd3ad0896/files/406eb6f2ab11e8d0924ddc38358ae13e1d123d8b290df2befd950b5d2f685085 [none]
[debug] [2023-05-22T18:13:40.538Z] >>> [apiv2][body] POST https://upload-firebasehosting.googleapis.com/upload/sites/portfolio-4e087/versions/3f858dcbd3ad0896/files/406eb6f2ab11e8d0924ddc38358ae13e1d123d8b290df2befd950b5d2f685085 [stream]
[debug] [2023-05-22T18:13:40.538Z] >>> [apiv2][query] POST https://upload-firebasehosting.googleapis.com/upload/sites/portfolio-4e087/versions/3f858dcbd3ad0896/files/b2090cf9761ef60aa06e4fab97679bd43dfa5e5df073701ead5879d7c68f1ec5 [none]
[debug] [2023-05-22T18:13:40.538Z] >>> [apiv2][body] POST https://upload-firebasehosting.googleapis.com/upload/sites/portfolio-4e087/versions/3f858dcbd3ad0896/files/b2090cf9761ef60aa06e4fab97679bd43dfa5e5df073701ead5879d7c68f1ec5 [stream]
[debug] [2023-05-22T18:13:40.539Z] >>> [apiv2][query] POST https://upload-firebasehosting.googleapis.com/upload/sites/portfolio-4e087/versions/3f858dcbd3ad0896/files/2273c633909062d2252c64f5c2c005c19ebb2c2a08a8945d2de5f5ad5cbf7881 [none]
[debug] [2023-05-22T18:13:40.539Z] >>> [apiv2][body] POST https://upload-firebasehosting.googleapis.com/upload/sites/portfolio-4e087/versions/3f858dcbd3ad0896/files/2273c633909062d2252c64f5c2c005c19ebb2c2a08a8945d2de5f5ad5cbf7881 [stream]
[debug] [2023-05-22T18:13:40.540Z] >>> [apiv2][query] POST https://upload-firebasehosting.googleapis.com/upload/sites/portfolio-4e087/versions/3f858dcbd3ad0896/files/b20ddb998b8a84fe743d26d1e7cd4c26de08b947800a650a90efa29032c5837a [none]
[debug] [2023-05-22T18:13:40.540Z] >>> [apiv2][body] POST https://upload-firebasehosting.googleapis.com/upload/sites/portfolio-4e087/versions/3f858dcbd3ad0896/files/b20ddb998b8a84fe743d26d1e7cd4c26de08b947800a650a90efa29032c5837a [stream]
[debug] [2023-05-22T18:13:40.540Z] >>> [apiv2][query] POST https://upload-firebasehosting.googleapis.com/upload/sites/portfolio-4e087/versions/3f858dcbd3ad0896/files/73eeccb550320871142d3910993249c9f2494a0660bed05a284c8aed3a2133a8 [none]
[debug] [2023-05-22T18:13:40.540Z] >>> [apiv2][body] POST https://upload-firebasehosting.googleapis.com/upload/sites/portfolio-4e087/versions/3f858dcbd3ad0896/files/73eeccb550320871142d3910993249c9f2494a0660bed05a284c8aed3a2133a8 [stream]
[debug] [2023-05-22T18:13:40.541Z] >>> [apiv2][query] POST https://upload-firebasehosting.googleapis.com/upload/sites/portfolio-4e087/versions/3f858dcbd3ad0896/files/2c89fb66aca3c42b20a150d107fc77ae287b031dbcaf15855b70907ba00e6a1d [none]
[debug] [2023-05-22T18:13:40.541Z] >>> [apiv2][body] POST https://upload-firebasehosting.googleapis.com/upload/sites/portfolio-4e087/versions/3f858dcbd3ad0896/files/2c89fb66aca3c42b20a150d107fc77ae287b031dbcaf15855b70907ba00e6a1d [stream]
[debug] [2023-05-22T18:13:40.542Z] >>> [apiv2][query] POST https://upload-firebasehosting.googleapis.com/upload/sites/portfolio-4e087/versions/3f858dcbd3ad0896/files/71c5d2536a001c09cc6bb6f02a11c50797aa2a1c97bd66d8df789ef19c4c0964 [none]
[debug] [2023-05-22T18:13:40.542Z] >>> [apiv2][body] POST https://upload-firebasehosting.googleapis.com/upload/sites/portfolio-4e087/versions/3f858dcbd3ad0896/files/71c5d2536a001c09cc6bb6f02a11c50797aa2a1c97bd66d8df789ef19c4c0964 [stream]
[debug] [2023-05-22T18:13:40.542Z] >>> [apiv2][query] POST https://upload-firebasehosting.googleapis.com/upload/sites/portfolio-4e087/versions/3f858dcbd3ad0896/files/daa499dd96d8229e73235345702ba32f0793f0c8e5c0d30e40e37a5872be57aa [none]
[debug] [2023-05-22T18:13:40.542Z] >>> [apiv2][body] POST https://upload-firebasehosting.googleapis.com/upload/sites/portfolio-4e087/versions/3f858dcbd3ad0896/files/daa499dd96d8229e73235345702ba32f0793f0c8e5c0d30e40e37a5872be57aa [stream]
[debug] [2023-05-22T18:13:40.543Z] >>> [apiv2][query] POST https://upload-firebasehosting.googleapis.com/upload/sites/portfolio-4e087/versions/3f858dcbd3ad0896/files/0e16f6ba8e317879727d25e3690868d772426caedd983516444305fb884eef11 [none]
[debug] [2023-05-22T18:13:40.543Z] >>> [apiv2][body] POST https://upload-firebasehosting.googleapis.com/upload/sites/portfolio-4e087/versions/3f858dcbd3ad0896/files/0e16f6ba8e317879727d25e3690868d772426caedd983516444305fb884eef11 [stream]
[debug] [2023-05-22T18:13:40.544Z] >>> [apiv2][query] POST https://upload-firebasehosting.googleapis.com/upload/sites/portfolio-4e087/versions/3f858dcbd3ad0896/files/f7b8bfa8f4a0d45011e63dac5c28e56a3b5400a18594d35577b48a6b6014cef2 [none]
[debug] [2023-05-22T18:13:40.544Z] >>> [apiv2][body] POST https://upload-firebasehosting.googleapis.com/upload/sites/portfolio-4e087/versions/3f858dcbd3ad0896/files/f7b8bfa8f4a0d45011e63dac5c28e56a3b5400a18594d35577b48a6b6014cef2 [stream]
[debug] [2023-05-22T18:13:40.544Z] >>> [apiv2][query] POST https://upload-firebasehosting.googleapis.com/upload/sites/portfolio-4e087/versions/3f858dcbd3ad0896/files/f0e4bdff2338927c915e7945aaa27ad2ad784731a574482ae5891fc820084c08 [none]
[debug] [2023-05-22T18:13:40.544Z] >>> [apiv2][body] POST https://upload-firebasehosting.googleapis.com/upload/sites/portfolio-4e087/versions/3f858dcbd3ad0896/files/f0e4bdff2338927c915e7945aaa27ad2ad784731a574482ae5891fc820084c08 [stream]
[debug] [2023-05-22T18:13:40.545Z] >>> [apiv2][query] POST https://upload-firebasehosting.googleapis.com/upload/sites/portfolio-4e087/versions/3f858dcbd3ad0896/files/7e817b800785c281e214ba1fa0f20c2cb7f912fde3278efa04e0f0dcf83d5a2b [none]
[debug] [2023-05-22T18:13:40.545Z] >>> [apiv2][body] POST https://upload-firebasehosting.googleapis.com/upload/sites/portfolio-4e087/versions/3f858dcbd3ad0896/files/7e817b800785c281e214ba1fa0f20c2cb7f912fde3278efa04e0f0dcf83d5a2b [stream]
[debug] [2023-05-22T18:13:40.546Z] >>> [apiv2][query] POST https://upload-firebasehosting.googleapis.com/upload/sites/portfolio-4e087/versions/3f858dcbd3ad0896/files/5c997de1364b8be939319fa9209abd77f2caf7f8844999a9e2e9173f844e7840 [none]
[debug] [2023-05-22T18:13:40.546Z] >>> [apiv2][body] POST https://upload-firebasehosting.googleapis.com/upload/sites/portfolio-4e087/versions/3f858dcbd3ad0896/files/5c997de1364b8be939319fa9209abd77f2caf7f8844999a9e2e9173f844e7840 [stream]
[debug] [2023-05-22T18:13:40.547Z] >>> [apiv2][query] POST https://upload-firebasehosting.googleapis.com/upload/sites/portfolio-4e087/versions/3f858dcbd3ad0896/files/ee7e2f3fdb8209c4b6fd7bef6ba50d1b9dba30a25bb5c3126df057e1cb6f5331 [none]
[debug] [2023-05-22T18:13:40.547Z] >>> [apiv2][body] POST https://upload-firebasehosting.googleapis.com/upload/sites/portfolio-4e087/versions/3f858dcbd3ad0896/files/ee7e2f3fdb8209c4b6fd7bef6ba50d1b9dba30a25bb5c3126df057e1cb6f5331 [stream]
[debug] [2023-05-22T18:13:40.548Z] >>> [apiv2][query] POST https://upload-firebasehosting.googleapis.com/upload/sites/portfolio-4e087/versions/3f858dcbd3ad0896/files/eae62e993eb980ec8a25058c39d5a51feab118bd2100c4deebb2a9c158ec11f9 [none]
[debug] [2023-05-22T18:13:40.548Z] >>> [apiv2][body] POST https://upload-firebasehosting.googleapis.com/upload/sites/portfolio-4e087/versions/3f858dcbd3ad0896/files/eae62e993eb980ec8a25058c39d5a51feab118bd2100c4deebb2a9c158ec11f9 [stream]
[debug] [2023-05-22T18:13:40.550Z] [hosting][populate queue][FINAL] {"max":296,"min":296,"avg":296,"active":0,"complete":1,"success":1,"errored":0,"retried":0,"total":1,"elapsed":333}
[debug] [2023-05-22T18:13:40.550Z] [hosting] uploads queued: 34
[debug] [2023-05-22T18:13:42.096Z] <<< [apiv2][status] POST https://upload-firebasehosting.googleapis.com/upload/sites/portfolio-4e087/versions/3f858dcbd3ad0896/files/fa266087acf3ccd025ce148b3ef0fab985946b47d239739d7ffa53084fa9541d 200
[debug] [2023-05-22T18:13:42.097Z] <<< [apiv2][body] POST https://upload-firebasehosting.googleapis.com/upload/sites/portfolio-4e087/versions/3f858dcbd3ad0896/files/fa266087acf3ccd025ce148b3ef0fab985946b47d239739d7ffa53084fa9541d [stream]
[debug] [2023-05-22T18:13:42.103Z] <<< [apiv2][status] POST https://upload-firebasehosting.googleapis.com/upload/sites/portfolio-4e087/versions/3f858dcbd3ad0896/files/3ee59515172ee198f3be375979df15ac5345183e656720a381b8872b2a39dc8b 200
[debug] [2023-05-22T18:13:42.103Z] <<< [apiv2][body] POST https://upload-firebasehosting.googleapis.com/upload/sites/portfolio-4e087/versions/3f858dcbd3ad0896/files/3ee59515172ee198f3be375979df15ac5345183e656720a381b8872b2a39dc8b [stream]
[debug] [2023-05-22T18:13:42.565Z] <<< [apiv2][status] POST https://upload-firebasehosting.googleapis.com/upload/sites/portfolio-4e087/versions/3f858dcbd3ad0896/files/c1d0cba21a2623affdb1996e20bfef2e89d4bd01c590aa47e53eb72bb1b90012 200
[debug] [2023-05-22T18:13:42.565Z] <<< [apiv2][body] POST https://upload-firebasehosting.googleapis.com/upload/sites/portfolio-4e087/versions/3f858dcbd3ad0896/files/c1d0cba21a2623affdb1996e20bfef2e89d4bd01c590aa47e53eb72bb1b90012 [stream]
[debug] [2023-05-22T18:13:42.594Z] <<< [apiv2][status] POST https://upload-firebasehosting.googleapis.com/upload/sites/portfolio-4e087/versions/3f858dcbd3ad0896/files/fd167c120c63db98fe5a3545fa6843909a16becec8a54a789583823bb7148c9c 200
[debug] [2023-05-22T18:13:42.595Z] <<< [apiv2][body] POST https://upload-firebasehosting.googleapis.com/upload/sites/portfolio-4e087/versions/3f858dcbd3ad0896/files/fd167c120c63db98fe5a3545fa6843909a16becec8a54a789583823bb7148c9c [stream]
[debug] [2023-05-22T18:13:42.627Z] <<< [apiv2][status] POST https://upload-firebasehosting.googleapis.com/upload/sites/portfolio-4e087/versions/3f858dcbd3ad0896/files/5415d507c540a094928da0dc97b15e531fae38f63a867f115f48d620faa925c1 200
[debug] [2023-05-22T18:13:42.627Z] <<< [apiv2][body] POST https://upload-firebasehosting.googleapis.com/upload/sites/portfolio-4e087/versions/3f858dcbd3ad0896/files/5415d507c540a094928da0dc97b15e531fae38f63a867f115f48d620faa925c1 [stream]
[debug] [2023-05-22T18:13:42.670Z] <<< [apiv2][status] POST https://upload-firebasehosting.googleapis.com/upload/sites/portfolio-4e087/versions/3f858dcbd3ad0896/files/7e6154cd359d22d056e049cf341fc4fe0c1b5e4d926b37066f7280b40d2ca703 200
[debug] [2023-05-22T18:13:42.670Z] <<< [apiv2][body] POST https://upload-firebasehosting.googleapis.com/upload/sites/portfolio-4e087/versions/3f858dcbd3ad0896/files/7e6154cd359d22d056e049cf341fc4fe0c1b5e4d926b37066f7280b40d2ca703 [stream]
[debug] [2023-05-22T18:13:42.737Z] <<< [apiv2][status] POST https://upload-firebasehosting.googleapis.com/upload/sites/portfolio-4e087/versions/3f858dcbd3ad0896/files/d918a38164fefc94d9fb9dcd02342903182fde671b4443c301f98cbb9944df07 200
[debug] [2023-05-22T18:13:42.737Z] <<< [apiv2][body] POST https://upload-firebasehosting.googleapis.com/upload/sites/portfolio-4e087/versions/3f858dcbd3ad0896/files/d918a38164fefc94d9fb9dcd02342903182fde671b4443c301f98cbb9944df07 [stream]
[debug] [2023-05-22T18:13:42.801Z] <<< [apiv2][status] POST https://upload-firebasehosting.googleapis.com/upload/sites/portfolio-4e087/versions/3f858dcbd3ad0896/files/d41d6ca4df9f595d7217e1dde4fed16f9c24b81e1432a6c71b754d055c434695 200
[debug] [2023-05-22T18:13:42.801Z] <<< [apiv2][body] POST https://upload-firebasehosting.googleapis.com/upload/sites/portfolio-4e087/versions/3f858dcbd3ad0896/files/d41d6ca4df9f595d7217e1dde4fed16f9c24b81e1432a6c71b754d055c434695 [stream]
[debug] [2023-05-22T18:13:42.809Z] <<< [apiv2][status] POST https://upload-firebasehosting.googleapis.com/upload/sites/portfolio-4e087/versions/3f858dcbd3ad0896/files/3a418c238e12d209346eac56596b4b03f7abae3ccbfa920d1d62b663b1577fb4 200
[debug] [2023-05-22T18:13:42.809Z] <<< [apiv2][body] POST https://upload-firebasehosting.googleapis.com/upload/sites/portfolio-4e087/versions/3f858dcbd3ad0896/files/3a418c238e12d209346eac56596b4b03f7abae3ccbfa920d1d62b663b1577fb4 [stream]
[debug] [2023-05-22T18:13:42.825Z] <<< [apiv2][status] POST https://upload-firebasehosting.googleapis.com/upload/sites/portfolio-4e087/versions/3f858dcbd3ad0896/files/6bd5dd89bfa8ab58001e67d5a89efbfdad20bba99f0043f1ea8c9b01cae4290c 200
[debug] [2023-05-22T18:13:42.825Z] <<< [apiv2][body] POST https://upload-firebasehosting.googleapis.com/upload/sites/portfolio-4e087/versions/3f858dcbd3ad0896/files/6bd5dd89bfa8ab58001e67d5a89efbfdad20bba99f0043f1ea8c9b01cae4290c [stream]
[debug] [2023-05-22T18:13:43.202Z] <<< [apiv2][status] POST https://upload-firebasehosting.googleapis.com/upload/sites/portfolio-4e087/versions/3f858dcbd3ad0896/files/17d2ebaab0506e6a5e86e49fda5c345a2af199742c18bfa734d7bf0665e83ebe 200
[debug] [2023-05-22T18:13:43.202Z] <<< [apiv2][body] POST https://upload-firebasehosting.googleapis.com/upload/sites/portfolio-4e087/versions/3f858dcbd3ad0896/files/17d2ebaab0506e6a5e86e49fda5c345a2af199742c18bfa734d7bf0665e83ebe [stream]
[debug] [2023-05-22T18:13:43.217Z] <<< [apiv2][status] POST https://upload-firebasehosting.googleapis.com/upload/sites/portfolio-4e087/versions/3f858dcbd3ad0896/files/fde25560ef5b83457673fb169463091af354bdf9246163d72be6bb77cf6447d2 200
[debug] [2023-05-22T18:13:43.218Z] <<< [apiv2][body] POST https://upload-firebasehosting.googleapis.com/upload/sites/portfolio-4e087/versions/3f858dcbd3ad0896/files/fde25560ef5b83457673fb169463091af354bdf9246163d72be6bb77cf6447d2 [stream]
[debug] [2023-05-22T18:13:43.220Z] <<< [apiv2][status] POST https://upload-firebasehosting.googleapis.com/upload/sites/portfolio-4e087/versions/3f858dcbd3ad0896/files/ccefb879f4b1822c1f11a93edd7e7f19e440d8ef2b0a9f23e180728b2b197750 200
[debug] [2023-05-22T18:13:43.220Z] <<< [apiv2][body] POST https://upload-firebasehosting.googleapis.com/upload/sites/portfolio-4e087/versions/3f858dcbd3ad0896/files/ccefb879f4b1822c1f11a93edd7e7f19e440d8ef2b0a9f23e180728b2b197750 [stream]
[debug] [2023-05-22T18:13:43.391Z] <<< [apiv2][status] POST https://upload-firebasehosting.googleapis.com/upload/sites/portfolio-4e087/versions/3f858dcbd3ad0896/files/b13dedbb66ff18b2646468a4e0f8e7b1fb57223b819ec1d6116012f0f3c27440 200
[debug] [2023-05-22T18:13:43.391Z] <<< [apiv2][body] POST https://upload-firebasehosting.googleapis.com/upload/sites/portfolio-4e087/versions/3f858dcbd3ad0896/files/b13dedbb66ff18b2646468a4e0f8e7b1fb57223b819ec1d6116012f0f3c27440 [stream]
[debug] [2023-05-22T18:13:43.704Z] <<< [apiv2][status] POST https://upload-firebasehosting.googleapis.com/upload/sites/portfolio-4e087/versions/3f858dcbd3ad0896/files/b12a6951c8ff11d2164bc0c0cac40bdf2d82e33e76c92f969c25f6ba7a78c5bc 200
[debug] [2023-05-22T18:13:43.705Z] <<< [apiv2][body] POST https://upload-firebasehosting.googleapis.com/upload/sites/portfolio-4e087/versions/3f858dcbd3ad0896/files/b12a6951c8ff11d2164bc0c0cac40bdf2d82e33e76c92f969c25f6ba7a78c5bc [stream]
[debug] [2023-05-22T18:13:44.144Z] <<< [apiv2][status] POST https://upload-firebasehosting.googleapis.com/upload/sites/portfolio-4e087/versions/3f858dcbd3ad0896/files/ee7e2f3fdb8209c4b6fd7bef6ba50d1b9dba30a25bb5c3126df057e1cb6f5331 200
[debug] [2023-05-22T18:13:44.144Z] <<< [apiv2][body] POST https://upload-firebasehosting.googleapis.com/upload/sites/portfolio-4e087/versions/3f858dcbd3ad0896/files/ee7e2f3fdb8209c4b6fd7bef6ba50d1b9dba30a25bb5c3126df057e1cb6f5331 [stream]
[debug] [2023-05-22T18:13:44.160Z] <<< [apiv2][status] POST https://upload-firebasehosting.googleapis.com/upload/sites/portfolio-4e087/versions/3f858dcbd3ad0896/files/6de3c659be6aa2e90830a835768a1aa760dda642dd7e354581e7ab22894f0ddc 200
[debug] [2023-05-22T18:13:44.161Z] <<< [apiv2][body] POST https://upload-firebasehosting.googleapis.com/upload/sites/portfolio-4e087/versions/3f858dcbd3ad0896/files/6de3c659be6aa2e90830a835768a1aa760dda642dd7e354581e7ab22894f0ddc [stream]
[debug] [2023-05-22T18:13:44.502Z] <<< [apiv2][status] POST https://upload-firebasehosting.googleapis.com/upload/sites/portfolio-4e087/versions/3f858dcbd3ad0896/files/b2090cf9761ef60aa06e4fab97679bd43dfa5e5df073701ead5879d7c68f1ec5 200
[debug] [2023-05-22T18:13:44.502Z] <<< [apiv2][body] POST https://upload-firebasehosting.googleapis.com/upload/sites/portfolio-4e087/versions/3f858dcbd3ad0896/files/b2090cf9761ef60aa06e4fab97679bd43dfa5e5df073701ead5879d7c68f1ec5 [stream]
[debug] [2023-05-22T18:13:44.512Z] <<< [apiv2][status] POST https://upload-firebasehosting.googleapis.com/upload/sites/portfolio-4e087/versions/3f858dcbd3ad0896/files/2273c633909062d2252c64f5c2c005c19ebb2c2a08a8945d2de5f5ad5cbf7881 200
[debug] [2023-05-22T18:13:44.512Z] <<< [apiv2][body] POST https://upload-firebasehosting.googleapis.com/upload/sites/portfolio-4e087/versions/3f858dcbd3ad0896/files/2273c633909062d2252c64f5c2c005c19ebb2c2a08a8945d2de5f5ad5cbf7881 [stream]
[debug] [2023-05-22T18:13:44.575Z] <<< [apiv2][status] POST https://upload-firebasehosting.googleapis.com/upload/sites/portfolio-4e087/versions/3f858dcbd3ad0896/files/b20ddb998b8a84fe743d26d1e7cd4c26de08b947800a650a90efa29032c5837a 200
[debug] [2023-05-22T18:13:44.575Z] <<< [apiv2][body] POST https://upload-firebasehosting.googleapis.com/upload/sites/portfolio-4e087/versions/3f858dcbd3ad0896/files/b20ddb998b8a84fe743d26d1e7cd4c26de08b947800a650a90efa29032c5837a [stream]
[debug] [2023-05-22T18:13:44.597Z] <<< [apiv2][status] POST https://upload-firebasehosting.googleapis.com/upload/sites/portfolio-4e087/versions/3f858dcbd3ad0896/files/406eb6f2ab11e8d0924ddc38358ae13e1d123d8b290df2befd950b5d2f685085 200
[debug] [2023-05-22T18:13:44.597Z] <<< [apiv2][body] POST https://upload-firebasehosting.googleapis.com/upload/sites/portfolio-4e087/versions/3f858dcbd3ad0896/files/406eb6f2ab11e8d0924ddc38358ae13e1d123d8b290df2befd950b5d2f685085 [stream]
[debug] [2023-05-22T18:13:44.607Z] <<< [apiv2][status] POST https://upload-firebasehosting.googleapis.com/upload/sites/portfolio-4e087/versions/3f858dcbd3ad0896/files/73eeccb550320871142d3910993249c9f2494a0660bed05a284c8aed3a2133a8 200
[debug] [2023-05-22T18:13:44.607Z] <<< [apiv2][body] POST https://upload-firebasehosting.googleapis.com/upload/sites/portfolio-4e087/versions/3f858dcbd3ad0896/files/73eeccb550320871142d3910993249c9f2494a0660bed05a284c8aed3a2133a8 [stream]
[debug] [2023-05-22T18:13:44.695Z] <<< [apiv2][status] POST https://upload-firebasehosting.googleapis.com/upload/sites/portfolio-4e087/versions/3f858dcbd3ad0896/files/daa499dd96d8229e73235345702ba32f0793f0c8e5c0d30e40e37a5872be57aa 200
[debug] [2023-05-22T18:13:44.695Z] <<< [apiv2][body] POST https://upload-firebasehosting.googleapis.com/upload/sites/portfolio-4e087/versions/3f858dcbd3ad0896/files/daa499dd96d8229e73235345702ba32f0793f0c8e5c0d30e40e37a5872be57aa [stream]
[debug] [2023-05-22T18:13:44.709Z] <<< [apiv2][status] POST https://upload-firebasehosting.googleapis.com/upload/sites/portfolio-4e087/versions/3f858dcbd3ad0896/files/f7b8bfa8f4a0d45011e63dac5c28e56a3b5400a18594d35577b48a6b6014cef2 200
[debug] [2023-05-22T18:13:44.709Z] <<< [apiv2][body] POST https://upload-firebasehosting.googleapis.com/upload/sites/portfolio-4e087/versions/3f858dcbd3ad0896/files/f7b8bfa8f4a0d45011e63dac5c28e56a3b5400a18594d35577b48a6b6014cef2 [stream]
[debug] [2023-05-22T18:13:44.836Z] <<< [apiv2][status] POST https://upload-firebasehosting.googleapis.com/upload/sites/portfolio-4e087/versions/3f858dcbd3ad0896/files/5c997de1364b8be939319fa9209abd77f2caf7f8844999a9e2e9173f844e7840 200
[debug] [2023-05-22T18:13:44.837Z] <<< [apiv2][body] POST https://upload-firebasehosting.googleapis.com/upload/sites/portfolio-4e087/versions/3f858dcbd3ad0896/files/5c997de1364b8be939319fa9209abd77f2caf7f8844999a9e2e9173f844e7840 [stream]
[debug] [2023-05-22T18:13:44.867Z] <<< [apiv2][status] POST https://upload-firebasehosting.googleapis.com/upload/sites/portfolio-4e087/versions/3f858dcbd3ad0896/files/7e817b800785c281e214ba1fa0f20c2cb7f912fde3278efa04e0f0dcf83d5a2b 200
[debug] [2023-05-22T18:13:44.867Z] <<< [apiv2][body] POST https://upload-firebasehosting.googleapis.com/upload/sites/portfolio-4e087/versions/3f858dcbd3ad0896/files/7e817b800785c281e214ba1fa0f20c2cb7f912fde3278efa04e0f0dcf83d5a2b [stream]
[debug] [2023-05-22T18:13:46.222Z] [uploadQueue] Retrying task eae62e993eb980ec8a25058c39d5a51feab118bd2100c4deebb2a9c158ec11f9
[debug] [2023-05-22T18:13:46.223Z] >>> [apiv2][query] POST https://upload-firebasehosting.googleapis.com/upload/sites/portfolio-4e087/versions/3f858dcbd3ad0896/files/eae62e993eb980ec8a25058c39d5a51feab118bd2100c4deebb2a9c158ec11f9 [none]
[debug] [2023-05-22T18:13:46.223Z] >>> [apiv2][body] POST https://upload-firebasehosting.googleapis.com/upload/sites/portfolio-4e087/versions/3f858dcbd3ad0896/files/eae62e993eb980ec8a25058c39d5a51feab118bd2100c4deebb2a9c158ec11f9 [stream]
[debug] [2023-05-22T18:13:46.679Z] <<< [apiv2][status] POST https://upload-firebasehosting.googleapis.com/upload/sites/portfolio-4e087/versions/3f858dcbd3ad0896/files/f0e4bdff2338927c915e7945aaa27ad2ad784731a574482ae5891fc820084c08 200
[debug] [2023-05-22T18:13:46.680Z] <<< [apiv2][body] POST https://upload-firebasehosting.googleapis.com/upload/sites/portfolio-4e087/versions/3f858dcbd3ad0896/files/f0e4bdff2338927c915e7945aaa27ad2ad784731a574482ae5891fc820084c08 [stream]
[debug] [2023-05-22T18:13:50.665Z] <<< [apiv2][status] POST https://upload-firebasehosting.googleapis.com/upload/sites/portfolio-4e087/versions/3f858dcbd3ad0896/files/0e16f6ba8e317879727d25e3690868d772426caedd983516444305fb884eef11 200
[debug] [2023-05-22T18:13:50.665Z] <<< [apiv2][body] POST https://upload-firebasehosting.googleapis.com/upload/sites/portfolio-4e087/versions/3f858dcbd3ad0896/files/0e16f6ba8e317879727d25e3690868d772426caedd983516444305fb884eef11 [stream]
[debug] [2023-05-22T18:13:58.196Z] <<< [apiv2][status] POST https://upload-firebasehosting.googleapis.com/upload/sites/portfolio-4e087/versions/3f858dcbd3ad0896/files/94fdd6d1f2ff714780914fe0afdfeb4683e7f2d6327abb7c7379338a41a33904 200
[debug] [2023-05-22T18:13:58.196Z] <<< [apiv2][body] POST https://upload-firebasehosting.googleapis.com/upload/sites/portfolio-4e087/versions/3f858dcbd3ad0896/files/94fdd6d1f2ff714780914fe0afdfeb4683e7f2d6327abb7c7379338a41a33904 [stream]
[debug] [2023-05-22T18:14:08.951Z] <<< [apiv2][status] POST https://upload-firebasehosting.googleapis.com/upload/sites/portfolio-4e087/versions/3f858dcbd3ad0896/files/eae62e993eb980ec8a25058c39d5a51feab118bd2100c4deebb2a9c158ec11f9 200
[debug] [2023-05-22T18:14:08.952Z] <<< [apiv2][body] POST https://upload-firebasehosting.googleapis.com/upload/sites/portfolio-4e087/versions/3f858dcbd3ad0896/files/eae62e993eb980ec8a25058c39d5a51feab118bd2100c4deebb2a9c158ec11f9 [stream]
[debug] [2023-05-22T18:14:10.930Z] [uploadQueue] Retrying task bab260e8873cbbbca12f23c6b0bae2ef999b17274e2bcb70d4c772c0f35174a1
[debug] [2023-05-22T18:14:10.932Z] >>> [apiv2][query] POST https://upload-firebasehosting.googleapis.com/upload/sites/portfolio-4e087/versions/3f858dcbd3ad0896/files/bab260e8873cbbbca12f23c6b0bae2ef999b17274e2bcb70d4c772c0f35174a1 [none]
[debug] [2023-05-22T18:14:10.932Z] >>> [apiv2][body] POST https://upload-firebasehosting.googleapis.com/upload/sites/portfolio-4e087/versions/3f858dcbd3ad0896/files/bab260e8873cbbbca12f23c6b0bae2ef999b17274e2bcb70d4c772c0f35174a1 [stream]
[debug] [2023-05-22T18:14:10.934Z] [uploadQueue] Retrying task a16bf9b2b77e3dbc52f72a3f6324ccbc491c4acdca40dac1e72d2a532740cd8c
[debug] [2023-05-22T18:14:10.936Z] >>> [apiv2][query] POST https://upload-firebasehosting.googleapis.com/upload/sites/portfolio-4e087/versions/3f858dcbd3ad0896/files/a16bf9b2b77e3dbc52f72a3f6324ccbc491c4acdca40dac1e72d2a532740cd8c [none]
[debug] [2023-05-22T18:14:10.936Z] >>> [apiv2][body] POST https://upload-firebasehosting.googleapis.com/upload/sites/portfolio-4e087/versions/3f858dcbd3ad0896/files/a16bf9b2b77e3dbc52f72a3f6324ccbc491c4acdca40dac1e72d2a532740cd8c [stream]
[debug] [2023-05-22T18:14:10.946Z] [uploadQueue] Retrying task 71c5d2536a001c09cc6bb6f02a11c50797aa2a1c97bd66d8df789ef19c4c0964
[debug] [2023-05-22T18:14:10.947Z] >>> [apiv2][query] POST https://upload-firebasehosting.googleapis.com/upload/sites/portfolio-4e087/versions/3f858dcbd3ad0896/files/71c5d2536a001c09cc6bb6f02a11c50797aa2a1c97bd66d8df789ef19c4c0964 [none]
[debug] [2023-05-22T18:14:10.947Z] >>> [apiv2][body] POST https://upload-firebasehosting.googleapis.com/upload/sites/portfolio-4e087/versions/3f858dcbd3ad0896/files/71c5d2536a001c09cc6bb6f02a11c50797aa2a1c97bd66d8df789ef19c4c0964 [stream]
[debug] [2023-05-22T18:14:12.385Z] [uploadQueue] Retrying task 2c89fb66aca3c42b20a150d107fc77ae287b031dbcaf15855b70907ba00e6a1d
[debug] [2023-05-22T18:14:12.386Z] >>> [apiv2][query] POST https://upload-firebasehosting.googleapis.com/upload/sites/portfolio-4e087/versions/3f858dcbd3ad0896/files/2c89fb66aca3c42b20a150d107fc77ae287b031dbcaf15855b70907ba00e6a1d [none]
[debug] [2023-05-22T18:14:12.387Z] >>> [apiv2][body] POST https://upload-firebasehosting.googleapis.com/upload/sites/portfolio-4e087/versions/3f858dcbd3ad0896/files/2c89fb66aca3c42b20a150d107fc77ae287b031dbcaf15855b70907ba00e6a1d [stream]
[debug] [2023-05-22T18:14:17.000Z] [uploadQueue] Retrying task a16bf9b2b77e3dbc52f72a3f6324ccbc491c4acdca40dac1e72d2a532740cd8c
[debug] [2023-05-22T18:14:17.000Z] >>> [apiv2][query] POST https://upload-firebasehosting.googleapis.com/upload/sites/portfolio-4e087/versions/3f858dcbd3ad0896/files/a16bf9b2b77e3dbc52f72a3f6324ccbc491c4acdca40dac1e72d2a532740cd8c [none]
[debug] [2023-05-22T18:14:17.001Z] >>> [apiv2][body] POST https://upload-firebasehosting.googleapis.com/upload/sites/portfolio-4e087/versions/3f858dcbd3ad0896/files/a16bf9b2b77e3dbc52f72a3f6324ccbc491c4acdca40dac1e72d2a532740cd8c [stream]
[debug] [2023-05-22T18:14:17.002Z] [uploadQueue] Retrying task 71c5d2536a001c09cc6bb6f02a11c50797aa2a1c97bd66d8df789ef19c4c0964
[debug] [2023-05-22T18:14:17.003Z] >>> [apiv2][query] POST https://upload-firebasehosting.googleapis.com/upload/sites/portfolio-4e087/versions/3f858dcbd3ad0896/files/71c5d2536a001c09cc6bb6f02a11c50797aa2a1c97bd66d8df789ef19c4c0964 [none]
[debug] [2023-05-22T18:14:17.003Z] >>> [apiv2][body] POST https://upload-firebasehosting.googleapis.com/upload/sites/portfolio-4e087/versions/3f858dcbd3ad0896/files/71c5d2536a001c09cc6bb6f02a11c50797aa2a1c97bd66d8df789ef19c4c0964 [stream]
[debug] [2023-05-22T18:14:18.434Z] [uploadQueue] Retrying task 2c89fb66aca3c42b20a150d107fc77ae287b031dbcaf15855b70907ba00e6a1d
[debug] [2023-05-22T18:14:18.435Z] >>> [apiv2][query] POST https://upload-firebasehosting.googleapis.com/upload/sites/portfolio-4e087/versions/3f858dcbd3ad0896/files/2c89fb66aca3c42b20a150d107fc77ae287b031dbcaf15855b70907ba00e6a1d [none]
[debug] [2023-05-22T18:14:18.435Z] >>> [apiv2][body] POST https://upload-firebasehosting.googleapis.com/upload/sites/portfolio-4e087/versions/3f858dcbd3ad0896/files/2c89fb66aca3c42b20a150d107fc77ae287b031dbcaf15855b70907ba00e6a1d [stream]
[debug] [2023-05-22T18:14:23.804Z] [uploadQueue] Retrying task a16bf9b2b77e3dbc52f72a3f6324ccbc491c4acdca40dac1e72d2a532740cd8c
[debug] [2023-05-22T18:14:23.805Z] >>> [apiv2][query] POST https://upload-firebasehosting.googleapis.com/upload/sites/portfolio-4e087/versions/3f858dcbd3ad0896/files/a16bf9b2b77e3dbc52f72a3f6324ccbc491c4acdca40dac1e72d2a532740cd8c [none]
[debug] [2023-05-22T18:14:23.805Z] >>> [apiv2][body] POST https://upload-firebasehosting.googleapis.com/upload/sites/portfolio-4e087/versions/3f858dcbd3ad0896/files/a16bf9b2b77e3dbc52f72a3f6324ccbc491c4acdca40dac1e72d2a532740cd8c [stream]
[debug] [2023-05-22T18:14:23.807Z] [uploadQueue] Retrying task 71c5d2536a001c09cc6bb6f02a11c50797aa2a1c97bd66d8df789ef19c4c0964
[debug] [2023-05-22T18:14:23.808Z] >>> [apiv2][query] POST https://upload-firebasehosting.googleapis.com/upload/sites/portfolio-4e087/versions/3f858dcbd3ad0896/files/71c5d2536a001c09cc6bb6f02a11c50797aa2a1c97bd66d8df789ef19c4c0964 [none]
[debug] [2023-05-22T18:14:23.808Z] >>> [apiv2][body] POST https://upload-firebasehosting.googleapis.com/upload/sites/portfolio-4e087/versions/3f858dcbd3ad0896/files/71c5d2536a001c09cc6bb6f02a11c50797aa2a1c97bd66d8df789ef19c4c0964 [stream]
[debug] [2023-05-22T18:14:25.266Z] [uploadQueue] Retrying task 2c89fb66aca3c42b20a150d107fc77ae287b031dbcaf15855b70907ba00e6a1d
[debug] [2023-05-22T18:14:25.266Z] >>> [apiv2][query] POST https://upload-firebasehosting.googleapis.com/upload/sites/portfolio-4e087/versions/3f858dcbd3ad0896/files/2c89fb66aca3c42b20a150d107fc77ae287b031dbcaf15855b70907ba00e6a1d [none]
[debug] [2023-05-22T18:14:25.266Z] >>> [apiv2][body] POST https://upload-firebasehosting.googleapis.com/upload/sites/portfolio-4e087/versions/3f858dcbd3ad0896/files/2c89fb66aca3c42b20a150d107fc77ae287b031dbcaf15855b70907ba00e6a1d [stream]
[debug] [2023-05-22T18:14:29.127Z] <<< [apiv2][status] POST https://upload-firebasehosting.googleapis.com/upload/sites/portfolio-4e087/versions/3f858dcbd3ad0896/files/bab260e8873cbbbca12f23c6b0bae2ef999b17274e2bcb70d4c772c0f35174a1 200
[debug] [2023-05-22T18:14:29.127Z] <<< [apiv2][body] POST https://upload-firebasehosting.googleapis.com/upload/sites/portfolio-4e087/versions/3f858dcbd3ad0896/files/bab260e8873cbbbca12f23c6b0bae2ef999b17274e2bcb70d4c772c0f35174a1 [stream]
[debug] [2023-05-22T18:14:32.206Z] [uploadQueue] Retrying task a16bf9b2b77e3dbc52f72a3f6324ccbc491c4acdca40dac1e72d2a532740cd8c
[debug] [2023-05-22T18:14:32.206Z] >>> [apiv2][query] POST https://upload-firebasehosting.googleapis.com/upload/sites/portfolio-4e087/versions/3f858dcbd3ad0896/files/a16bf9b2b77e3dbc52f72a3f6324ccbc491c4acdca40dac1e72d2a532740cd8c [none]
[debug] [2023-05-22T18:14:32.206Z] >>> [apiv2][body] POST https://upload-firebasehosting.googleapis.com/upload/sites/portfolio-4e087/versions/3f858dcbd3ad0896/files/a16bf9b2b77e3dbc52f72a3f6324ccbc491c4acdca40dac1e72d2a532740cd8c [stream]
[debug] [2023-05-22T18:14:32.207Z] [uploadQueue] Retrying task 71c5d2536a001c09cc6bb6f02a11c50797aa2a1c97bd66d8df789ef19c4c0964
[debug] [2023-05-22T18:14:32.207Z] >>> [apiv2][query] POST https://upload-firebasehosting.googleapis.com/upload/sites/portfolio-4e087/versions/3f858dcbd3ad0896/files/71c5d2536a001c09cc6bb6f02a11c50797aa2a1c97bd66d8df789ef19c4c0964 [none]
[debug] [2023-05-22T18:14:32.207Z] >>> [apiv2][body] POST https://upload-firebasehosting.googleapis.com/upload/sites/portfolio-4e087/versions/3f858dcbd3ad0896/files/71c5d2536a001c09cc6bb6f02a11c50797aa2a1c97bd66d8df789ef19c4c0964 [stream]
